\BOOKMARK [1][-]{section.0.1}{\376\377\000I\000N\000T\000R\000O\000D\000U\000C\000T\000I\000O\000N\000.}{}% 1
\BOOKMARK [1][-]{section.0.2}{\376\377\000N\000o\000t\000a\000t\000i\000o\000n\000s\000\040\000a\000n\000d\000\040\000D\000e\000f\000i\000n\000i\000t\000i\000o\000n\000s\000.}{}% 2
\BOOKMARK [2][-]{subsection.0.2.1}{\376\377\000V\000e\000c\000t\000o\000r\000s\000,\000\040\000M\000a\000t\000r\000i\000c\000e\000s\000,\000\040\000a\000n\000d\000\040\000T\000e\000n\000s\000o\000r\000s\000.}{section.0.2}% 3
\BOOKMARK [3][-]{subsubsection.0.2.1.1}{\376\377\000V\000e\000c\000t\000o\000r\000s}{subsection.0.2.1}% 4
\BOOKMARK [3][-]{subsubsection.0.2.1.2}{\376\377\000T\000e\000n\000s\000o\000r\000\040\000A\000l\000g\000e\000b\000r\000a}{subsection.0.2.1}% 5
\BOOKMARK [2][-]{subsection.0.2.2}{\376\377\000C\000o\000n\000t\000r\000o\000l\000s\000\040\000a\000n\000d\000\040\000S\000e\000t\000s\000.}{section.0.2}% 6
\BOOKMARK [1][-]{section.0.3}{\376\377\000B\000a\000c\000k\000g\000r\000o\000u\000n\000d\000\040\000a\000n\000d\000\040\000P\000r\000e\000l\000i\000m\000i\000n\000a\000r\000i\000e\000s\000.}{}% 7
\BOOKMARK [2][-]{subsection.0.3.1}{\376\377\000D\000y\000n\000a\000m\000i\000c\000\040\000P\000r\000o\000g\000r\000a\000m\000m\000i\000n\000g\000\040\000a\000n\000d\000\040\000T\000w\000o\000-\000P\000e\000r\000s\000o\000n\000\040\000G\000a\000m\000e\000s\000.}{section.0.3}% 8
\BOOKMARK [2][-]{subsection.0.3.2}{\376\377\000U\000p\000p\000e\000r\000\040\000a\000n\000d\000\040\000L\000o\000w\000e\000r\000\040\000V\000a\000l\000u\000e\000s\000\040\000o\000f\000\040\000t\000h\000e\000\040\000D\000i\000f\000f\000e\000r\000e\000n\000t\000i\000a\000l\000\040\000G\000a\000m\000e\000.}{section.0.3}% 9
\BOOKMARK [2][-]{subsection.0.3.3}{\376\377\000V\000i\000s\000c\000o\000s\000i\000t\000y\000\040\000S\000o\000l\000u\000t\000i\000o\000n\000\040\000o\000f\000\040\000H\000J\000-\000I\000s\000a\000a\000c\000'\000s\000\040\000E\000q\000u\000a\000t\000i\000o\000n\000s\000.}{section.0.3}% 10
\BOOKMARK [2][-]{subsection.0.3.4}{\376\377\000R\000e\000a\000c\000h\000a\000b\000i\000l\000i\000t\000y\000\040\000f\000o\000r\000\040\000S\000y\000s\000t\000e\000m\000s\000\040\000V\000e\000r\000i\000f\000i\000c\000a\000t\000i\000o\000n\000.}{section.0.3}% 11
\BOOKMARK [3][-]{subsubsection.0.3.4.1}{\376\377\000I\000n\000s\000u\000f\000f\000i\000c\000i\000e\000n\000c\000y\000\040\000o\000f\000\040\000G\000l\000o\000b\000a\000l\000\040\000M\000e\000s\000h\000-\000b\000a\000s\000e\000d\000\040\000M\000e\000t\000h\000o\000d\000s\000.}{subsection.0.3.4}% 12
\BOOKMARK [3][-]{subsubsection.0.3.4.2}{\376\377\000R\000e\000a\000c\000h\000a\000b\000i\000l\000i\000t\000y\000\040\000f\000r\000o\000m\000\040\000D\000i\000f\000f\000e\000r\000e\000n\000t\000i\000a\000l\000\040\000G\000a\000m\000e\000s\000\040\000O\000p\000t\000i\000m\000a\000l\000\040\000C\000o\000n\000t\000r\000o\000l}{subsection.0.3.4}% 13
\BOOKMARK [1][-]{section.0.4}{\376\377\000D\000e\000c\000o\000m\000p\000o\000s\000i\000t\000i\000o\000n\000\040\000S\000c\000h\000e\000m\000e\000.}{}% 14
\BOOKMARK [2][-]{subsection.0.4.1}{\376\377\000R\000O\000M\000\040\000C\000o\000n\000s\000t\000r\000u\000c\000t\000i\000o\000n}{section.0.4}% 15
\BOOKMARK [2][-]{subsection.0.4.2}{\376\377\000G\000a\000l\000e\000r\000k\000i\000n\000\040\000a\000p\000p\000r\000o\000x\000i\000m\000a\000t\000i\000o\000n\000\040\000o\000f\000\040\000t\000h\000e\000\040\000V\000a\000r\000i\000a\000t\000i\000o\000n\000a\000l\000\040\000H\000J\000I\000\040\000P\000r\000o\000b\000l\000e\000m}{section.0.4}% 16
\BOOKMARK [2][-]{subsection.0.4.3}{\376\377\000G\000a\000l\000e\000r\000k\000i\000n\000\040\000H\000J\000I\000\040\000A\000p\000p\000r\000o\000x\000i\000m\000a\000t\000i\000o\000n\000\040\000U\000n\000d\000e\000r\000\040\000S\000e\000p\000a\000r\000a\000b\000l\000e\000\040\000D\000y\000n\000a\000m\000i\000c\000s}{section.0.4}% 17
\BOOKMARK [2][-]{subsection.0.4.4}{\376\377\000P\000G\000D\000\040\000D\000e\000c\000o\000m\000p\000o\000s\000i\000t\000i\000o\000n\000\040\000S\000c\000h\000e\000m\000e}{section.0.4}% 18
\BOOKMARK [2][-]{subsection.0.4.5}{\376\377\000I\000n\000f\000o\000r\000m\000e\000d\000\040\000I\000n\000c\000r\000e\000m\000e\000n\000t\000a\000l\000\040\000V\000a\000l\000u\000e\000\040\000F\000u\000n\000c\000t\000i\000o\000n\000\040\000D\000e\000c\000o\000m\000p\000o\000s\000i\000t\000i\000o\000n\000s}{section.0.4}% 19
\BOOKMARK [1][-]{section.0.5}{\376\377\000R\000e\000s\000u\000l\000t\000s\000\040\000a\000n\000d\000\040\000D\000i\000s\000c\000u\000s\000s\000i\000o\000n\000.}{}% 20
\BOOKMARK [1][-]{section.0.6}{\376\377\000C\000o\000n\000c\000l\000u\000s\000i\000o\000n\000.}{}% 21
