\BOOKMARK [1][-]{section.1}{\376\377\000I\000N\000T\000R\000O\000D\000U\000C\000T\000I\000O\000N\000.}{}% 1
\BOOKMARK [1][-]{section.2}{\376\377\000N\000o\000t\000a\000t\000i\000o\000n\000s\000\040\000a\000n\000d\000\040\000D\000e\000f\000i\000n\000i\000t\000i\000o\000n\000s\000.}{}% 2
\BOOKMARK [2][-]{subsection.2.1}{\376\377\000V\000e\000c\000t\000o\000r\000s\000,\000\040\000M\000a\000t\000r\000i\000c\000e\000s\000,\000\040\000a\000n\000d\000\040\000T\000e\000n\000s\000o\000r\000s\000.}{section.2}% 3
\BOOKMARK [3][-]{subsubsection.2.1.1}{\376\377\000V\000e\000c\000t\000o\000r\000s}{subsection.2.1}% 4
\BOOKMARK [3][-]{subsubsection.2.1.2}{\376\377\000T\000e\000n\000s\000o\000r\000\040\000A\000l\000g\000e\000b\000r\000a}{subsection.2.1}% 5
\BOOKMARK [2][-]{subsection.2.2}{\376\377\000S\000e\000t\000s\000,\000\040\000C\000o\000n\000t\000r\000o\000l\000s\000,\000\040\000a\000n\000d\000\040\000G\000a\000m\000e\000s\000.}{section.2}% 6
\BOOKMARK [1][-]{section.3}{\376\377\000B\000a\000c\000k\000g\000r\000o\000u\000n\000d\000\040\000a\000n\000d\000\040\000P\000r\000e\000l\000i\000m\000i\000n\000a\000r\000i\000e\000s\000.}{}% 7
\BOOKMARK [2][-]{subsection.3.1}{\376\377\000D\000y\000n\000a\000m\000i\000c\000\040\000P\000r\000o\000g\000r\000a\000m\000m\000i\000n\000g\000\040\000a\000n\000d\000\040\000T\000w\000o\000-\000P\000e\000r\000s\000o\000n\000\040\000G\000a\000m\000e\000s\000.}{section.3}% 8
\BOOKMARK [2][-]{subsection.3.2}{\376\377\000U\000p\000p\000e\000r\000\040\000a\000n\000d\000\040\000L\000o\000w\000e\000r\000\040\000V\000a\000l\000u\000e\000s\000\040\000o\000f\000\040\000t\000h\000e\000\040\000D\000i\000f\000f\000e\000r\000e\000n\000t\000i\000a\000l\000\040\000G\000a\000m\000e\000.}{section.3}% 9
\BOOKMARK [2][-]{subsection.3.3}{\376\377\000V\000i\000s\000c\000o\000s\000i\000t\000y\000\040\000S\000o\000l\000u\000t\000i\000o\000n\000\040\000o\000f\000\040\000H\000J\000-\000I\000s\000a\000a\000c\000'\000s\000\040\000E\000q\000u\000a\000t\000i\000o\000n\000s\000.}{section.3}% 10
\BOOKMARK [2][-]{subsection.3.4}{\376\377\000R\000e\000a\000c\000h\000a\000b\000i\000l\000i\000t\000y\000\040\000f\000o\000r\000\040\000S\000y\000s\000t\000e\000m\000s\000\040\000V\000e\000r\000i\000f\000i\000c\000a\000t\000i\000o\000n\000.}{section.3}% 11
\BOOKMARK [3][-]{subsubsection.3.4.1}{\376\377\000I\000n\000s\000u\000f\000f\000i\000c\000i\000e\000n\000c\000y\000\040\000o\000f\000\040\000G\000l\000o\000b\000a\000l\000\040\000M\000e\000s\000h\000-\000b\000a\000s\000e\000d\000\040\000M\000e\000t\000h\000o\000d\000s}{subsection.3.4}% 12
\BOOKMARK [3][-]{subsubsection.3.4.2}{\376\377\000R\000e\000a\000c\000h\000a\000b\000i\000l\000i\000t\000y\000\040\000f\000r\000o\000m\000\040\000D\000i\000f\000f\000e\000r\000e\000n\000t\000i\000a\000l\000\040\000G\000a\000m\000e\000s\000\040\000O\000p\000t\000i\000m\000a\000l\000\040\000C\000o\000n\000t\000r\000o\000l}{subsection.3.4}% 13
\BOOKMARK [1][-]{section.4}{\376\377\000D\000e\000c\000o\000m\000p\000o\000s\000i\000t\000i\000o\000n\000\040\000S\000c\000h\000e\000m\000e\000.}{}% 14
\BOOKMARK [2][-]{subsection.4.1}{\376\377\000P\000o\000w\000e\000r\000\040\000S\000e\000r\000i\000e\000s\000\040\000A\000p\000p\000r\000o\000x\000i\000m\000a\000t\000i\000o\000n\000\040\000o\000f\000\040\000t\000h\000e\000\040\000T\000e\000r\000m\000i\000n\000a\000l\000\040\000C\000o\000s\000t}{section.4}% 15
\BOOKMARK [2][-]{subsection.4.2}{\376\377\000D\000e\000c\000o\000m\000p\000o\000s\000i\000t\000i\000o\000n\000\040\000R\000a\000t\000i\000o\000n\000a\000l\000e\000.}{section.4}% 16
\BOOKMARK [2][-]{subsection.4.3}{\376\377\000S\000e\000p\000a\000r\000a\000b\000l\000e\000\040\000R\000e\000p\000r\000e\000s\000e\000n\000t\000a\000t\000i\000o\000n\000s\000\040\000o\000f\000\040\000t\000h\000e\000\040\000R\000O\000M\000\040\000C\000o\000s\000t\000\040\000F\000u\000n\000c\000t\000i\000o\000n\000a\000l}{section.4}% 17
\BOOKMARK [2][-]{subsection.4.4}{\376\377\000D\000e\000c\000o\000m\000p\000o\000s\000i\000t\000i\000o\000n\000\040\000L\000a\000y\000o\000u\000t}{section.4}% 18
\BOOKMARK [2][-]{subsection.4.5}{\376\377\000G\000a\000l\000e\000r\000k\000i\000n\000\040\000a\000p\000p\000r\000o\000x\000i\000m\000a\000t\000i\000o\000n\000\040\000o\000f\000\040\000t\000h\000e\000\040\000V\000a\000r\000i\000a\000t\000i\000o\000n\000a\000l\000\040\000H\000J\000I\000\040\000P\000r\000o\000b\000l\000e\000m}{section.4}% 19
\BOOKMARK [2][-]{subsection.4.6}{\376\377\000G\000a\000l\000e\000r\000k\000i\000n\000\040\000H\000J\000I\000\040\000A\000p\000p\000r\000o\000x\000i\000m\000a\000t\000i\000o\000n\000\040\000U\000n\000d\000e\000r\000\040\000S\000e\000p\000a\000r\000a\000b\000l\000e\000\040\000D\000y\000n\000a\000m\000i\000c\000s}{section.4}% 20
\BOOKMARK [2][-]{subsection.4.7}{\376\377\000G\000a\000l\000e\000r\000k\000i\000n\000\040\000H\000J\000I\000\040\000A\000p\000p\000r\000o\000x\000i\000m\000a\000t\000i\000o\000n\000\040\000U\000n\000d\000e\000r\000\040\000H\000-\000\040\000W\000o\000r\000s\000t\000\040\000D\000i\000s\000t\000u\000r\000b\000a\000n\000c\000e\000\040\000C\000o\000n\000t\000r\000o\000l}{section.4}% 21
\BOOKMARK [2][-]{subsection.4.8}{\376\377\000P\000G\000D\000\040\000D\000e\000c\000o\000m\000p\000o\000s\000i\000t\000i\000o\000n\000\040\000S\000c\000h\000e\000m\000e}{section.4}% 22
\BOOKMARK [2][-]{subsection.4.9}{\376\377\000I\000n\000f\000o\000r\000m\000e\000d\000\040\000I\000n\000c\000r\000e\000m\000e\000n\000t\000a\000l\000\040\000V\000a\000l\000u\000e\000\040\000F\000u\000n\000c\000t\000i\000o\000n\000\040\000D\000e\000c\000o\000m\000p\000o\000s\000i\000t\000i\000o\000n\000s}{section.4}% 23
\BOOKMARK [1][-]{section.5}{\376\377\000R\000e\000s\000u\000l\000t\000s\000\040\000a\000n\000d\000\040\000D\000i\000s\000c\000u\000s\000s\000i\000o\000n\000.}{}% 24
\BOOKMARK [2][-]{subsection.5.1}{\376\377\000T\000i\000m\000e\000\040\000O\000p\000t\000i\000m\000a\000l\000\040\000C\000o\000n\000t\000r\000o\000l\000\040\000o\000f\000\040\000t\000h\000e\000\040\000D\000o\000u\000b\000l\000e\000\040\000I\000n\000t\000e\000g\000r\000a\000t\000o\000r}{section.5}% 25
\BOOKMARK [1][-]{section.6}{\376\377\000P\000a\000r\000a\000l\000l\000e\000l\000i\000z\000a\000t\000i\000o\000n\000\040\000S\000c\000h\000e\000m\000e\000\040\000f\000o\000r\000\040\000R\000e\000s\000o\000l\000v\000i\000n\000g\000\040\000t\000h\000e\000\040\000S\000e\000p\000a\000r\000a\000t\000e\000d\000\040\000H\000a\000m\000i\000l\000t\000o\000n\000i\000a\000n\000s}{}% 26
\BOOKMARK [2][-]{subsection.6.1}{\376\377\000B\000r\000e\000g\000m\000a\000n\000\040\000A\000l\000t\000e\000r\000n\000a\000t\000i\000n\000g\000\040\000M\000e\000t\000h\000o\000d\000\040\000o\000f\000\040\000M\000u\000l\000t\000i\000p\000l\000i\000e\000r\000s}{section.6}% 27
\BOOKMARK [1][-]{section.7}{\376\377\000C\000o\000n\000c\000l\000u\000s\000i\000o\000n\000.}{}% 28
\BOOKMARK [1][-]{section*.5}{\376\377\000A\000p\000p\000e\000n\000d\000i\000x}{}% 29
\BOOKMARK [1][-]{section*.6}{\376\377\000A\000p\000p\000e\000n\000d\000i\000x\000\040\000A\000:\000\040\000V\000a\000l\000u\000e\000\040\000F\000u\000n\000c\000t\000i\000o\000n\000'\000s\000\040\000R\000O\000M\000\040\000P\000r\000o\000j\000e\000c\000t\000i\000o\000n\000\040\000E\000r\000r\000o\000r\000.}{}% 30
\BOOKMARK [1][-]{section*.7}{\376\377\000R\000e\000f\000e\000r\000e\000n\000c\000e\000s}{}% 31
